The MPI test test_mpi for C in mode normal failed to compile with the following output:
Change Dir: /media/facundo/Datos/LoQueUso/UNSL/2020/Primer-Cuatrimestre/Paralelos/PracticoFinal/COVID-19/mpi/cmake-build-debug/CMakeFiles/CMakeTmp

Run Build Command(s):/usr/bin/make cmTC_7eb37/fast && /usr/bin/make -f CMakeFiles/cmTC_7eb37.dir/build.make CMakeFiles/cmTC_7eb37.dir/build
make[1]: se entra en el directorio '/media/facundo/Datos/LoQueUso/UNSL/2020/Primer-Cuatrimestre/Paralelos/PracticoFinal/COVID-19/mpi/cmake-build-debug/CMakeFiles/CMakeTmp'
Building C object CMakeFiles/cmTC_7eb37.dir/test_mpi.c.o
/usr/bin/mpicc   -O3 -fopenmp -np 6    -pthread -o CMakeFiles/cmTC_7eb37.dir/test_mpi.c.o   -c /home/facundo/.local/share/JetBrains/Toolbox/apps/CLion/ch-0/201.7846.88/bin/cmake/linux/share/cmake-3.16/Modules/FindMPI/test_mpi.c
gcc: error: 6: No existe el archivo o el directorio
gcc: error: unrecognized command line option ‘-np’; did you mean ‘-n’?
make[1]: *** [CMakeFiles/cmTC_7eb37.dir/build.make:66: CMakeFiles/cmTC_7eb37.dir/test_mpi.c.o] Error 1
make[1]: se sale del directorio '/media/facundo/Datos/LoQueUso/UNSL/2020/Primer-Cuatrimestre/Paralelos/PracticoFinal/COVID-19/mpi/cmake-build-debug/CMakeFiles/CMakeTmp'
make: *** [Makefile:121: cmTC_7eb37/fast] Error 2



The MPI test test_mpi for C in mode normal failed to compile with the following output:
Change Dir: /media/facundo/Datos/LoQueUso/UNSL/2020/Primer-Cuatrimestre/Paralelos/PracticoFinal/COVID-19/mpi/cmake-build-debug/CMakeFiles/CMakeTmp

Run Build Command(s):/usr/bin/make cmTC_3f9b3/fast && /usr/bin/make -f CMakeFiles/cmTC_3f9b3.dir/build.make CMakeFiles/cmTC_3f9b3.dir/build
make[1]: se entra en el directorio '/media/facundo/Datos/LoQueUso/UNSL/2020/Primer-Cuatrimestre/Paralelos/PracticoFinal/COVID-19/mpi/cmake-build-debug/CMakeFiles/CMakeTmp'
Building C object CMakeFiles/cmTC_3f9b3.dir/test_mpi.c.o
/usr/bin/mpicc   -O3 -fopenmp -np 6    -pthread -o CMakeFiles/cmTC_3f9b3.dir/test_mpi.c.o   -c /home/facundo/.local/share/JetBrains/Toolbox/apps/CLion/ch-0/201.7846.88/bin/cmake/linux/share/cmake-3.16/Modules/FindMPI/test_mpi.c
gcc: error: 6: No existe el archivo o el directorio
gcc: error: unrecognized command line option ‘-np’; did you mean ‘-n’?
make[1]: *** [CMakeFiles/cmTC_3f9b3.dir/build.make:66: CMakeFiles/cmTC_3f9b3.dir/test_mpi.c.o] Error 1
make[1]: se sale del directorio '/media/facundo/Datos/LoQueUso/UNSL/2020/Primer-Cuatrimestre/Paralelos/PracticoFinal/COVID-19/mpi/cmake-build-debug/CMakeFiles/CMakeTmp'
make: *** [Makefile:121: cmTC_3f9b3/fast] Error 2



The MPI test test_mpi for C in mode normal failed to compile with the following output:
Change Dir: /media/facundo/Datos/LoQueUso/UNSL/2020/Primer-Cuatrimestre/Paralelos/PracticoFinal/COVID-19/mpi/cmake-build-debug/CMakeFiles/CMakeTmp

Run Build Command(s):/usr/bin/make cmTC_cc489/fast && make[1]: se entra en el directorio '/media/facundo/Datos/LoQueUso/UNSL/2020/Primer-Cuatrimestre/Paralelos/PracticoFinal/COVID-19/mpi/cmake-build-debug/CMakeFiles/CMakeTmp'
/usr/bin/make -f CMakeFiles/cmTC_cc489.dir/build.make CMakeFiles/cmTC_cc489.dir/build
make[2]: se entra en el directorio '/media/facundo/Datos/LoQueUso/UNSL/2020/Primer-Cuatrimestre/Paralelos/PracticoFinal/COVID-19/mpi/cmake-build-debug/CMakeFiles/CMakeTmp'
Building C object CMakeFiles/cmTC_cc489.dir/test_mpi.c.o
/usr/bin/mpicc   -O3 -fopenmp -np 6    -pthread -o CMakeFiles/cmTC_cc489.dir/test_mpi.c.o   -c /home/facundo/.local/share/JetBrains/Toolbox/apps/CLion/ch-0/201.7846.88/bin/cmake/linux/share/cmake-3.16/Modules/FindMPI/test_mpi.c
gcc: error: 6: No existe el archivo o el directorio
gcc: error: unrecognized command line option ‘-np’; did you mean ‘-n’?
make[2]: *** [CMakeFiles/cmTC_cc489.dir/build.make:66: CMakeFiles/cmTC_cc489.dir/test_mpi.c.o] Error 1
make[2]: se sale del directorio '/media/facundo/Datos/LoQueUso/UNSL/2020/Primer-Cuatrimestre/Paralelos/PracticoFinal/COVID-19/mpi/cmake-build-debug/CMakeFiles/CMakeTmp'
make[1]: *** [Makefile:121: cmTC_cc489/fast] Error 2
make[1]: se sale del directorio '/media/facundo/Datos/LoQueUso/UNSL/2020/Primer-Cuatrimestre/Paralelos/PracticoFinal/COVID-19/mpi/cmake-build-debug/CMakeFiles/CMakeTmp'



The MPI test test_mpi for C in mode normal failed to compile with the following output:
Change Dir: /media/facundo/Datos/LoQueUso/UNSL/2020/Primer-Cuatrimestre/Paralelos/PracticoFinal/COVID-19/mpi/cmake-build-debug/CMakeFiles/CMakeTmp

Run Build Command(s):/usr/bin/make cmTC_9bace/fast && /usr/bin/make -f CMakeFiles/cmTC_9bace.dir/build.make CMakeFiles/cmTC_9bace.dir/build
make[1]: se entra en el directorio '/media/facundo/Datos/LoQueUso/UNSL/2020/Primer-Cuatrimestre/Paralelos/PracticoFinal/COVID-19/mpi/cmake-build-debug/CMakeFiles/CMakeTmp'
Building C object CMakeFiles/cmTC_9bace.dir/test_mpi.c.o
/usr/bin/mpicc   -O3 -fopenmp -np 6    -pthread -o CMakeFiles/cmTC_9bace.dir/test_mpi.c.o   -c /home/facundo/.local/share/JetBrains/Toolbox/apps/CLion/ch-0/201.7846.88/bin/cmake/linux/share/cmake-3.16/Modules/FindMPI/test_mpi.c
gcc: error: 6: No existe el archivo o el directorio
gcc: error: unrecognized command line option ‘-np’; did you mean ‘-n’?
make[1]: *** [CMakeFiles/cmTC_9bace.dir/build.make:66: CMakeFiles/cmTC_9bace.dir/test_mpi.c.o] Error 1
make[1]: se sale del directorio '/media/facundo/Datos/LoQueUso/UNSL/2020/Primer-Cuatrimestre/Paralelos/PracticoFinal/COVID-19/mpi/cmake-build-debug/CMakeFiles/CMakeTmp'
make: *** [Makefile:121: cmTC_9bace/fast] Error 2



The MPI test test_mpi for C in mode normal failed to compile with the following output:
Change Dir: /media/facundo/Datos/LoQueUso/UNSL/2020/Primer-Cuatrimestre/Paralelos/PracticoFinal/COVID-19/mpi/cmake-build-debug/CMakeFiles/CMakeTmp

Run Build Command(s):/usr/bin/make cmTC_b4eae/fast && make[1]: se entra en el directorio '/media/facundo/Datos/LoQueUso/UNSL/2020/Primer-Cuatrimestre/Paralelos/PracticoFinal/COVID-19/mpi/cmake-build-debug/CMakeFiles/CMakeTmp'
/usr/bin/make -f CMakeFiles/cmTC_b4eae.dir/build.make CMakeFiles/cmTC_b4eae.dir/build
make[2]: se entra en el directorio '/media/facundo/Datos/LoQueUso/UNSL/2020/Primer-Cuatrimestre/Paralelos/PracticoFinal/COVID-19/mpi/cmake-build-debug/CMakeFiles/CMakeTmp'
Building C object CMakeFiles/cmTC_b4eae.dir/test_mpi.c.o
/usr/bin/mpicc   -O3 -fopenmp -np 6    -pthread -o CMakeFiles/cmTC_b4eae.dir/test_mpi.c.o   -c /home/facundo/.local/share/JetBrains/Toolbox/apps/CLion/ch-0/201.7846.88/bin/cmake/linux/share/cmake-3.16/Modules/FindMPI/test_mpi.c
gcc: error: 6: No existe el archivo o el directorio
gcc: error: unrecognized command line option ‘-np’; did you mean ‘-n’?
make[2]: *** [CMakeFiles/cmTC_b4eae.dir/build.make:66: CMakeFiles/cmTC_b4eae.dir/test_mpi.c.o] Error 1
make[2]: se sale del directorio '/media/facundo/Datos/LoQueUso/UNSL/2020/Primer-Cuatrimestre/Paralelos/PracticoFinal/COVID-19/mpi/cmake-build-debug/CMakeFiles/CMakeTmp'
make[1]: *** [Makefile:121: cmTC_b4eae/fast] Error 2
make[1]: se sale del directorio '/media/facundo/Datos/LoQueUso/UNSL/2020/Primer-Cuatrimestre/Paralelos/PracticoFinal/COVID-19/mpi/cmake-build-debug/CMakeFiles/CMakeTmp'



The MPI test test_mpi for C in mode normal failed to compile with the following output:
Change Dir: /media/facundo/Datos/LoQueUso/UNSL/2020/Primer-Cuatrimestre/Paralelos/PracticoFinal/COVID-19/mpi/cmake-build-debug/CMakeFiles/CMakeTmp

Run Build Command(s):/usr/bin/make cmTC_384d9/fast && /usr/bin/make -f CMakeFiles/cmTC_384d9.dir/build.make CMakeFiles/cmTC_384d9.dir/build
make[1]: se entra en el directorio '/media/facundo/Datos/LoQueUso/UNSL/2020/Primer-Cuatrimestre/Paralelos/PracticoFinal/COVID-19/mpi/cmake-build-debug/CMakeFiles/CMakeTmp'
Building C object CMakeFiles/cmTC_384d9.dir/test_mpi.c.o
/usr/bin/mpicc   -O3 -fopenmp -np 6    -pthread -o CMakeFiles/cmTC_384d9.dir/test_mpi.c.o   -c /home/facundo/.local/share/JetBrains/Toolbox/apps/CLion/ch-0/201.7846.88/bin/cmake/linux/share/cmake-3.16/Modules/FindMPI/test_mpi.c
gcc: error: 6: No existe el archivo o el directorio
gcc: error: unrecognized command line option ‘-np’; did you mean ‘-n’?
make[1]: *** [CMakeFiles/cmTC_384d9.dir/build.make:66: CMakeFiles/cmTC_384d9.dir/test_mpi.c.o] Error 1
make[1]: se sale del directorio '/media/facundo/Datos/LoQueUso/UNSL/2020/Primer-Cuatrimestre/Paralelos/PracticoFinal/COVID-19/mpi/cmake-build-debug/CMakeFiles/CMakeTmp'
make: *** [Makefile:121: cmTC_384d9/fast] Error 2



The MPI test test_mpi for C in mode normal failed to compile with the following output:
Change Dir: /media/facundo/Datos/LoQueUso/UNSL/2020/Primer-Cuatrimestre/Paralelos/PracticoFinal/COVID-19/mpi/cmake-build-debug/CMakeFiles/CMakeTmp

Run Build Command(s):/usr/bin/make cmTC_a5679/fast && make[1]: se entra en el directorio '/media/facundo/Datos/LoQueUso/UNSL/2020/Primer-Cuatrimestre/Paralelos/PracticoFinal/COVID-19/mpi/cmake-build-debug/CMakeFiles/CMakeTmp'
/usr/bin/make -f CMakeFiles/cmTC_a5679.dir/build.make CMakeFiles/cmTC_a5679.dir/build
make[2]: se entra en el directorio '/media/facundo/Datos/LoQueUso/UNSL/2020/Primer-Cuatrimestre/Paralelos/PracticoFinal/COVID-19/mpi/cmake-build-debug/CMakeFiles/CMakeTmp'
Building C object CMakeFiles/cmTC_a5679.dir/test_mpi.c.o
/usr/bin/mpicc   -O3 -fopenmp -np 6    -pthread -o CMakeFiles/cmTC_a5679.dir/test_mpi.c.o   -c /home/facundo/.local/share/JetBrains/Toolbox/apps/CLion/ch-0/201.7846.88/bin/cmake/linux/share/cmake-3.16/Modules/FindMPI/test_mpi.c
gcc: error: 6: No existe el archivo o el directorio
gcc: error: unrecognized command line option ‘-np’; did you mean ‘-n’?
make[2]: *** [CMakeFiles/cmTC_a5679.dir/build.make:66: CMakeFiles/cmTC_a5679.dir/test_mpi.c.o] Error 1
make[2]: se sale del directorio '/media/facundo/Datos/LoQueUso/UNSL/2020/Primer-Cuatrimestre/Paralelos/PracticoFinal/COVID-19/mpi/cmake-build-debug/CMakeFiles/CMakeTmp'
make[1]: *** [Makefile:121: cmTC_a5679/fast] Error 2
make[1]: se sale del directorio '/media/facundo/Datos/LoQueUso/UNSL/2020/Primer-Cuatrimestre/Paralelos/PracticoFinal/COVID-19/mpi/cmake-build-debug/CMakeFiles/CMakeTmp'



The MPI test test_mpi for C in mode normal failed to compile with the following output:
Change Dir: /media/facundo/Datos/LoQueUso/UNSL/2020/Primer-Cuatrimestre/Paralelos/PracticoFinal/COVID-19/mpi/cmake-build-debug/CMakeFiles/CMakeTmp

Run Build Command(s):/usr/bin/make cmTC_81575/fast && /usr/bin/make -f CMakeFiles/cmTC_81575.dir/build.make CMakeFiles/cmTC_81575.dir/build
make[1]: se entra en el directorio '/media/facundo/Datos/LoQueUso/UNSL/2020/Primer-Cuatrimestre/Paralelos/PracticoFinal/COVID-19/mpi/cmake-build-debug/CMakeFiles/CMakeTmp'
Building C object CMakeFiles/cmTC_81575.dir/test_mpi.c.o
/usr/bin/mpicc   -O3 -fopenmp -np 6    -pthread -o CMakeFiles/cmTC_81575.dir/test_mpi.c.o   -c /home/facundo/.local/share/JetBrains/Toolbox/apps/CLion/ch-0/201.7846.88/bin/cmake/linux/share/cmake-3.16/Modules/FindMPI/test_mpi.c
gcc: error: 6: No existe el archivo o el directorio
gcc: error: unrecognized command line option ‘-np’; did you mean ‘-n’?
make[1]: *** [CMakeFiles/cmTC_81575.dir/build.make:66: CMakeFiles/cmTC_81575.dir/test_mpi.c.o] Error 1
make[1]: se sale del directorio '/media/facundo/Datos/LoQueUso/UNSL/2020/Primer-Cuatrimestre/Paralelos/PracticoFinal/COVID-19/mpi/cmake-build-debug/CMakeFiles/CMakeTmp'
make: *** [Makefile:121: cmTC_81575/fast] Error 2



